#
# This file exists to help improve the ordering of
# icons inside the OO.o theme / images.zip file.
#
# Sections are processed together, and are delimited
# by '-- <tag> [small]' a 'group' tage denotes equal
# importance: icons must be interleaved, 'ordered'
# denotes a simple best-fit order
#

# 'standard' toolbars
sw/uiconfig/swriter/toolbar/standardbar.xml
sc/uiconfig/scalc/toolbar/standardbar.xml
sd/uiconfig/simpress/toolbar/standardbar.xml
sd/uiconfig/sdraw/toolbar/standardbar.xml
-- group

# default / startup toolbars
sw/uiconfig/swriter/toolbar/textobjectbar.xml
sc/uiconfig/scalc/toolbar/formatobjectbar.xml
-- group

sd/uiconfig/simpress/toolbar/drawingobjectbar.xml
sd/uiconfig/sdraw/toolbar/drawingobjectbar.xml
-- group

sd/uiconfig/simpress/toolbar/toolbar.xml
sd/uiconfig/sdraw/toolbar/toolbar.xml
-- group

sd/uiconfig/simpress/toolbar/commontaskbar.xml
-- ordered

# default / startup menus:
sw/uiconfig/swriter/menubar/menubar.xml
sc/uiconfig/scalc/menubar/menubar.xml
sd/uiconfig/simpress/menubar/menubar.xml
sd/uiconfig/sdraw/menubar/menubar.xml
-- group small

#
# complete list of other toolbars / menus
# FIXME: should auto-generate this.
#
basctl/uiconfig/basicide/toolbar/fullscreenbar.xml
basctl/uiconfig/basicide/toolbar/insertcontrolsbar.xml
basctl/uiconfig/basicide/toolbar/macrobar.xml
basctl/uiconfig/basicide/toolbar/standardbar.xml
dbaccess/uiconfig/dbapp/toolbar/formobjectbar.xml
dbaccess/uiconfig/dbapp/toolbar/queryobjectbar.xml
dbaccess/uiconfig/dbapp/toolbar/reportobjectbar.xml
dbaccess/uiconfig/dbapp/toolbar/tableobjectbar.xml
dbaccess/uiconfig/dbapp/toolbar/toolbar.xml
dbaccess/uiconfig/dbbrowser/toolbar/browserobjectbar.xml
dbaccess/uiconfig/dbbrowser/toolbar/copyobjectbar.xml
dbaccess/uiconfig/dbbrowser/toolbar/toolbar.xml
dbaccess/uiconfig/dbquery/toolbar/designobjectbar.xml
dbaccess/uiconfig/dbquery/toolbar/sqlobjectbar.xml
dbaccess/uiconfig/dbquery/toolbar/toolbar.xml
dbaccess/uiconfig/dbrelation/toolbar/toolbar.xml
dbaccess/uiconfig/dbtable/toolbar/toolbar.xml
framework/uiconfig/startmodule/toolbar/standardbar.xml
sch/uiconfig/schart/toolbar/standardbar.xml
sch/uiconfig/schart/toolbar/toolbar.xml
sc/uiconfig/scalc/toolbar/alignmentbar.xml
sc/uiconfig/scalc/toolbar/arrowshapes.xml
sc/uiconfig/scalc/toolbar/basicshapes.xml
sc/uiconfig/scalc/toolbar/calloutshapes.xml
sc/uiconfig/scalc/toolbar/colorbar.xml
sc/uiconfig/scalc/toolbar/drawbar.xml
sc/uiconfig/scalc/toolbar/drawobjectbar.xml
sc/uiconfig/scalc/toolbar/extrusionobjectbar.xml
sc/uiconfig/scalc/toolbar/flowchartshapes.xml
sc/uiconfig/scalc/toolbar/fontworkobjectbar.xml
sc/uiconfig/scalc/toolbar/fontworkshapetype.xml
sc/uiconfig/scalc/toolbar/formatobjectbar.xml
sc/uiconfig/scalc/toolbar/formcontrols.xml
sc/uiconfig/scalc/toolbar/formdesign.xml
sc/uiconfig/scalc/toolbar/formsfilterbar.xml
sc/uiconfig/scalc/toolbar/formsnavigationbar.xml
sc/uiconfig/scalc/toolbar/formsobjectbar.xml
sc/uiconfig/scalc/toolbar/formtextobjectbar.xml
sc/uiconfig/scalc/toolbar/fullscreenbar.xml
sc/uiconfig/scalc/toolbar/graffilterbar.xml
sc/uiconfig/scalc/toolbar/graphicobjectbar.xml
sc/uiconfig/scalc/toolbar/insertbar.xml
sc/uiconfig/scalc/toolbar/insertcellsbar.xml
sc/uiconfig/scalc/toolbar/insertobjectbar.xml
sc/uiconfig/scalc/toolbar/mediaobjectbar.xml
sc/uiconfig/scalc/toolbar/moreformcontrols.xml
sc/uiconfig/scalc/toolbar/previewbar.xml
sc/uiconfig/scalc/toolbar/standardbar.xml
sc/uiconfig/scalc/toolbar/starshapes.xml
sc/uiconfig/scalc/toolbar/symbolshapes.xml
sc/uiconfig/scalc/toolbar/textobjectbar.xml
sc/uiconfig/scalc/toolbar/toolbar.xml
sc/uiconfig/scalc/toolbar/viewerbar.xml
sd/uiconfig/sdraw/toolbar/3dobjectsbar.xml
sd/uiconfig/sdraw/toolbar/alignmentbar.xml
sd/uiconfig/sdraw/toolbar/arrowsbar.xml
sd/uiconfig/sdraw/toolbar/arrowshapes.xml
sd/uiconfig/sdraw/toolbar/basicshapes.xml
sd/uiconfig/sdraw/toolbar/bezierobjectbar.xml
sd/uiconfig/sdraw/toolbar/calloutshapes.xml
sd/uiconfig/sdraw/toolbar/choosemodebar.xml
sd/uiconfig/sdraw/toolbar/colorbar.xml
sd/uiconfig/sdraw/toolbar/connectorsbar.xml
sd/uiconfig/sdraw/toolbar/drawingobjectbar.xml
sd/uiconfig/sdraw/toolbar/ellipsesbar.xml
sd/uiconfig/sdraw/toolbar/extrusionobjectbar.xml
sd/uiconfig/sdraw/toolbar/flowchartshapes.xml
sd/uiconfig/sdraw/toolbar/fontworkobjectbar.xml
sd/uiconfig/sdraw/toolbar/fontworkshapetype.xml
sd/uiconfig/sdraw/toolbar/formcontrols.xml
sd/uiconfig/sdraw/toolbar/formdesign.xml
sd/uiconfig/sdraw/toolbar/formsfilterbar.xml
sd/uiconfig/sdraw/toolbar/formsnavigationbar.xml
sd/uiconfig/sdraw/toolbar/formtextobjectbar.xml
sd/uiconfig/sdraw/toolbar/fullscreenbar.xml
sd/uiconfig/sdraw/toolbar/gluepointsobjectbar.xml
sd/uiconfig/sdraw/toolbar/graffilterbar.xml
sd/uiconfig/sdraw/toolbar/graphicobjectbar.xml
sd/uiconfig/sdraw/toolbar/insertbar.xml
sd/uiconfig/sdraw/toolbar/linesbar.xml
sd/uiconfig/sdraw/toolbar/masterviewtoolbar.xml
sd/uiconfig/sdraw/toolbar/mediaobjectbar.xml
sd/uiconfig/sdraw/toolbar/moreformcontrols.xml
sd/uiconfig/sdraw/toolbar/optionsbar.xml
sd/uiconfig/sdraw/toolbar/positionbar.xml
sd/uiconfig/sdraw/toolbar/standardbar.xml
sd/uiconfig/sdraw/toolbar/starshapes.xml
sd/uiconfig/sdraw/toolbar/symbolshapes.xml
sd/uiconfig/sdraw/toolbar/textbar.xml
sd/uiconfig/sdraw/toolbar/textobjectbar.xml
sd/uiconfig/sdraw/toolbar/toolbar.xml
sd/uiconfig/sdraw/toolbar/viewerbar.xml
sd/uiconfig/sdraw/toolbar/zoombar.xml
sd/uiconfig/simpress/toolbar/3dobjectsbar.xml
sd/uiconfig/simpress/toolbar/alignmentbar.xml
sd/uiconfig/simpress/toolbar/arrowsbar.xml
sd/uiconfig/simpress/toolbar/arrowshapes.xml
sd/uiconfig/simpress/toolbar/basicshapes.xml
sd/uiconfig/simpress/toolbar/bezierobjectbar.xml
sd/uiconfig/simpress/toolbar/calloutshapes.xml
sd/uiconfig/simpress/toolbar/choosemodebar.xml
sd/uiconfig/simpress/toolbar/colorbar.xml
sd/uiconfig/simpress/toolbar/commontaskbar.xml
sd/uiconfig/simpress/toolbar/connectorsbar.xml
sd/uiconfig/simpress/toolbar/drawingobjectbar.xml
sd/uiconfig/simpress/toolbar/ellipsesbar.xml
sd/uiconfig/simpress/toolbar/extrusionobjectbar.xml
sd/uiconfig/simpress/toolbar/flowchartshapes.xml
sd/uiconfig/simpress/toolbar/fontworkobjectbar.xml
sd/uiconfig/simpress/toolbar/fontworkshapetype.xml
sd/uiconfig/simpress/toolbar/formcontrols.xml
sd/uiconfig/simpress/toolbar/formdesign.xml
sd/uiconfig/simpress/toolbar/formsfilterbar.xml
sd/uiconfig/simpress/toolbar/formsnavigationbar.xml
sd/uiconfig/simpress/toolbar/formtextobjectbar.xml
sd/uiconfig/simpress/toolbar/fullscreenbar.xml
sd/uiconfig/simpress/toolbar/gluepointsobjectbar.xml
sd/uiconfig/simpress/toolbar/graffilterbar.xml
sd/uiconfig/simpress/toolbar/graphicobjectbar.xml
sd/uiconfig/simpress/toolbar/insertbar.xml
sd/uiconfig/simpress/toolbar/linesbar.xml
sd/uiconfig/simpress/toolbar/masterviewtoolbar.xml
sd/uiconfig/simpress/toolbar/mediaobjectbar.xml
sd/uiconfig/simpress/toolbar/moreformcontrols.xml
sd/uiconfig/simpress/toolbar/optionsbar.xml
sd/uiconfig/simpress/toolbar/outlinetoolbar.xml
sd/uiconfig/simpress/toolbar/positionbar.xml
sd/uiconfig/simpress/toolbar/slideviewobjectbar.xml
sd/uiconfig/simpress/toolbar/slideviewtoolbar.xml
sd/uiconfig/simpress/toolbar/standardbar.xml
sd/uiconfig/simpress/toolbar/starshapes.xml
sd/uiconfig/simpress/toolbar/symbolshapes.xml
sd/uiconfig/simpress/toolbar/textbar.xml
sd/uiconfig/simpress/toolbar/textobjectbar.xml
sd/uiconfig/simpress/toolbar/toolbar.xml
sd/uiconfig/simpress/toolbar/viewerbar.xml
sd/uiconfig/simpress/toolbar/zoombar.xml
starmath/uiconfig/smath/toolbar/fullscreenbar.xml
starmath/uiconfig/smath/toolbar/standardbar.xml
starmath/uiconfig/smath/toolbar/toolbar.xml
sw/uiconfig/sglobal/toolbar/alignmentbar.xml
sw/uiconfig/sglobal/toolbar/arrowshapes.xml
sw/uiconfig/sglobal/toolbar/basicshapes.xml
sw/uiconfig/sglobal/toolbar/bezierobjectbar.xml
sw/uiconfig/sglobal/toolbar/calloutshapes.xml
sw/uiconfig/sglobal/toolbar/colorbar.xml
sw/uiconfig/sglobal/toolbar/drawbar.xml
sw/uiconfig/sglobal/toolbar/drawingobjectbar.xml
sw/uiconfig/sglobal/toolbar/drawtextobjectbar.xml
sw/uiconfig/sglobal/toolbar/extrusionobjectbar.xml
sw/uiconfig/sglobal/toolbar/flowchartshapes.xml
sw/uiconfig/sglobal/toolbar/fontworkobjectbar.xml
sw/uiconfig/sglobal/toolbar/fontworkshapetype.xml
sw/uiconfig/sglobal/toolbar/formcontrols.xml
sw/uiconfig/sglobal/toolbar/formdesign.xml
sw/uiconfig/sglobal/toolbar/formsfilterbar.xml
sw/uiconfig/sglobal/toolbar/formsnavigationbar.xml
sw/uiconfig/sglobal/toolbar/formtextobjectbar.xml
sw/uiconfig/sglobal/toolbar/frameobjectbar.xml
sw/uiconfig/sglobal/toolbar/fullscreenbar.xml
sw/uiconfig/sglobal/toolbar/graffilterbar.xml
sw/uiconfig/sglobal/toolbar/graphicobjectbar.xml
sw/uiconfig/sglobal/toolbar/insertbar.xml
sw/uiconfig/sglobal/toolbar/insertobjectbar.xml
sw/uiconfig/sglobal/toolbar/mediaobjectbar.xml
sw/uiconfig/sglobal/toolbar/moreformcontrols.xml
sw/uiconfig/sglobal/toolbar/numobjectbar.xml
sw/uiconfig/sglobal/toolbar/oleobjectbar.xml
sw/uiconfig/sglobal/toolbar/optimizetablebar.xml
sw/uiconfig/sglobal/toolbar/previewobjectbar.xml
sw/uiconfig/sglobal/toolbar/standardbar.xml
sw/uiconfig/sglobal/toolbar/starshapes.xml
sw/uiconfig/sglobal/toolbar/symbolshapes.xml
sw/uiconfig/sglobal/toolbar/tableobjectbar.xml
sw/uiconfig/sglobal/toolbar/textobjectbar.xml
sw/uiconfig/sglobal/toolbar/toolbar.xml
sw/uiconfig/sglobal/toolbar/viewerbar.xml
sw/uiconfig/sweb/toolbar/arrowshapes.xml
sw/uiconfig/sweb/toolbar/basicshapes.xml
sw/uiconfig/sweb/toolbar/bezierobjectbar.xml
sw/uiconfig/sweb/toolbar/calloutshapes.xml
sw/uiconfig/sweb/toolbar/colorbar.xml
sw/uiconfig/sweb/toolbar/drawingobjectbar.xml
sw/uiconfig/sweb/toolbar/drawtextobjectbar.xml
sw/uiconfig/sweb/toolbar/extrusionobjectbar.xml
sw/uiconfig/sweb/toolbar/flowchartshapes.xml
sw/uiconfig/sweb/toolbar/fontworkobjectbar.xml
sw/uiconfig/sweb/toolbar/fontworkshapetype.xml
sw/uiconfig/sweb/toolbar/formcontrols.xml
sw/uiconfig/sweb/toolbar/formdesign.xml
sw/uiconfig/sweb/toolbar/formsfilterbar.xml
sw/uiconfig/sweb/toolbar/formsnavigationbar.xml
sw/uiconfig/sweb/toolbar/formtextobjectbar.xml
sw/uiconfig/sweb/toolbar/frameobjectbar.xml
sw/uiconfig/sweb/toolbar/fullscreenbar.xml
sw/uiconfig/sweb/toolbar/graffilterbar.xml
sw/uiconfig/sweb/toolbar/graphicobjectbar.xml
sw/uiconfig/sweb/toolbar/insertbar.xml
sw/uiconfig/sweb/toolbar/mediaobjectbar.xml
sw/uiconfig/sweb/toolbar/numobjectbar.xml
sw/uiconfig/sweb/toolbar/oleobjectbar.xml
sw/uiconfig/sweb/toolbar/optimizetablebar.xml
sw/uiconfig/sweb/toolbar/previewobjectbar.xml
sw/uiconfig/sweb/toolbar/standardbar.xml
sw/uiconfig/sweb/toolbar/starshapes.xml
sw/uiconfig/sweb/toolbar/symbolshapes.xml
sw/uiconfig/sweb/toolbar/tableobjectbar.xml
sw/uiconfig/sweb/toolbar/textobjectbar.xml
sw/uiconfig/sweb/toolbar/toolbar.xml
sw/uiconfig/sweb/toolbar/viewerbar.xml
sw/uiconfig/swriter/toolbar/alignmentbar.xml
sw/uiconfig/swriter/toolbar/arrowshapes.xml
sw/uiconfig/swriter/toolbar/basicshapes.xml
sw/uiconfig/swriter/toolbar/bezierobjectbar.xml
sw/uiconfig/swriter/toolbar/calloutshapes.xml
sw/uiconfig/swriter/toolbar/colorbar.xml
sw/uiconfig/swriter/toolbar/drawbar.xml
sw/uiconfig/swriter/toolbar/drawingobjectbar.xml
sw/uiconfig/swriter/toolbar/drawtextobjectbar.xml
sw/uiconfig/swriter/toolbar/extrusionobjectbar.xml
sw/uiconfig/swriter/toolbar/flowchartshapes.xml
sw/uiconfig/swriter/toolbar/fontworkobjectbar.xml
sw/uiconfig/swriter/toolbar/fontworkshapetype.xml
sw/uiconfig/swriter/toolbar/formcontrols.xml
sw/uiconfig/swriter/toolbar/formdesign.xml
sw/uiconfig/swriter/toolbar/formsfilterbar.xml
sw/uiconfig/swriter/toolbar/formsnavigationbar.xml
sw/uiconfig/swriter/toolbar/formtextobjectbar.xml
sw/uiconfig/swriter/toolbar/frameobjectbar.xml
sw/uiconfig/swriter/toolbar/fullscreenbar.xml
sw/uiconfig/swriter/toolbar/graffilterbar.xml
sw/uiconfig/swriter/toolbar/graphicobjectbar.xml
sw/uiconfig/swriter/toolbar/insertbar.xml
sw/uiconfig/swriter/toolbar/insertobjectbar.xml
sw/uiconfig/swriter/toolbar/mediaobjectbar.xml
sw/uiconfig/swriter/toolbar/moreformcontrols.xml
sw/uiconfig/swriter/toolbar/numobjectbar.xml
sw/uiconfig/swriter/toolbar/oleobjectbar.xml
sw/uiconfig/swriter/toolbar/optimizetablebar.xml
sw/uiconfig/swriter/toolbar/previewobjectbar.xml
sw/uiconfig/swriter/toolbar/standardbar.xml
sw/uiconfig/swriter/toolbar/starshapes.xml
sw/uiconfig/swriter/toolbar/symbolshapes.xml
sw/uiconfig/swriter/toolbar/tableobjectbar.xml
sw/uiconfig/swriter/toolbar/textobjectbar.xml
sw/uiconfig/swriter/toolbar/toolbar.xml
sw/uiconfig/swriter/toolbar/viewerbar.xml

-- ordered

basctl/uiconfig/basicide/menubar/menubar.xml
dbaccess/uiconfig/dbapp/menubar/menubar.xml
dbaccess/uiconfig/dbbrowser/menubar/menubar.xml
dbaccess/uiconfig/dbquery/menubar/menubar.xml
dbaccess/uiconfig/dbrelation/menubar/menubar.xml
dbaccess/uiconfig/dbtable/menubar/menubar.xml
framework/uiconfig/startmodule/menubar/menubar.xml
sch/uiconfig/schart/menubar/menubar.xml
sc/uiconfig/scalc/menubar/menubar.xml
sd/uiconfig/sdraw/menubar/menubar.xml
sd/uiconfig/simpress/menubar/menubar.xml
starmath/uiconfig/smath/menubar/menubar.xml
sw/uiconfig/sglobal/menubar/menubar.xml
sw/uiconfig/sweb/menubar/menubar.xml
sw/uiconfig/swriter/menubar/menubar.xml

-- ordered small
